0 info it worked if it ends with ok
1 verbose cli [ '/Users/zangzhan/.nvm/versions/node/v5.5.0/bin/node',
1 verbose cli   '/Users/zangzhan/.nvm/versions/node/v5.5.0/bin/npm',
1 verbose cli   'publish' ]
2 info using npm@3.9.5
3 info using node@v5.5.0
4 verbose publish [ '.' ]
5 silly cache add args [ '.', null ]
6 verbose cache add spec .
7 silly cache add parsed spec Result {
7 silly cache add   raw: '.',
7 silly cache add   scope: null,
7 silly cache add   name: null,
7 silly cache add   rawSpec: '.',
7 silly cache add   spec: '/Users/zangzhan/Documents/public/thrift-mocker',
7 silly cache add   type: 'directory' }
8 verbose addLocalDirectory /Users/zangzhan/.npm/thrift-mocker/1.0.0/package.tgz not in flight; packing
9 verbose correctMkdir /Users/zangzhan/.npm correctMkdir not in flight; initializing
10 info lifecycle thrift-mocker@1.0.0~prepublish: thrift-mocker@1.0.0
11 silly lifecycle thrift-mocker@1.0.0~prepublish: no script for prepublish, continuing
12 verbose tar pack [ '/Users/zangzhan/.npm/thrift-mocker/1.0.0/package.tgz',
12 verbose tar pack   '/Users/zangzhan/Documents/public/thrift-mocker' ]
13 verbose tarball /Users/zangzhan/.npm/thrift-mocker/1.0.0/package.tgz
14 verbose folder /Users/zangzhan/Documents/public/thrift-mocker
15 verbose addLocalTarball adding from inside cache /Users/zangzhan/.npm/thrift-mocker/1.0.0/package.tgz
16 verbose correctMkdir /Users/zangzhan/.npm correctMkdir not in flight; initializing
17 silly cache afterAdd thrift-mocker@1.0.0
18 verbose afterAdd /Users/zangzhan/.npm/thrift-mocker/1.0.0/package/package.json not in flight; writing
19 verbose correctMkdir /Users/zangzhan/.npm correctMkdir not in flight; initializing
20 verbose afterAdd /Users/zangzhan/.npm/thrift-mocker/1.0.0/package/package.json written
21 silly publish { name: 'thrift-mocker',
21 silly publish   version: '1.0.0',
21 silly publish   description: 'Easy to mock data based on thrift, no hard code data anymore!',
21 silly publish   main: 'index.js',
21 silly publish   scripts: { test: 'echo "Error: no test specified" && exit 1' },
21 silly publish   repository:
21 silly publish    { type: 'git',
21 silly publish      url: 'git+https://github.com/jzzj/thrift-parser.git' },
21 silly publish   keywords: [ 'thrift', 'mocker', 'thrift-mocker' ],
21 silly publish   author: { name: 'zangzhan' },
21 silly publish   license: 'MIT',
21 silly publish   bugs: { url: 'https://github.com/jzzj/thrift-parser/issues' },
21 silly publish   homepage: 'https://github.com/jzzj/thrift-parser#readme',
21 silly publish   readme: '# thrift-mocker\n\n# Easy to mock data based on thrift, no hard code data anymore!\n\nYou will not need to wirte mock-data any more, All data generate automatically by this mocker.  \n\n\n## Usage\n```js\nconst thriftMocker = new ThriftMocker({\n  service: "@path/to/your/file.thrift",\n  models: [require("@path/to/your/model.thrift"), require("@path/to/your/another-model.thrift")],   // more than one model thrift file.\n  mockData: {\n    // if you really want to mock some specify method, go here! like the following:\n    getSomeDataMethod: {\n      // your data...\n    }\n  },\n  commonData: {\n    // some common data struct\n    code: 200,\n    message: "success"\n  },\n  cache: true,  // if not cache, will generate different data at each time. Your choice.\n  serviceName: "YourSeviceName" // If your thrift service has more than one service, you have to indicate the service you need!\n});\n```\n\n## Generator\nIn most application, your data have vast type of data, such as: img, url, text, number, price, percent, person name, goods name, etc.\nIn such cases, you may want to make your data more reality ( even I don\'t think it\'s necessary ), you could change the generator by youself.    \nI promise I will provide a better way, maybe like a AI, to generate more reality data. Of course, in the future!',
21 silly publish   readmeFilename: 'README.md',
21 silly publish   _id: 'thrift-mocker@1.0.0',
21 silly publish   _shasum: '7b75a5b2f8a9668c79e2ae07222936eabf5e4317',
21 silly publish   _from: '.' }
22 verbose getPublishConfig undefined
23 silly mapToRegistry name thrift-mocker
24 silly mapToRegistry using default registry
25 silly mapToRegistry registry https://registry.npmjs.org/
26 silly mapToRegistry data Result {
26 silly mapToRegistry   raw: 'thrift-mocker',
26 silly mapToRegistry   scope: null,
26 silly mapToRegistry   name: 'thrift-mocker',
26 silly mapToRegistry   rawSpec: '',
26 silly mapToRegistry   spec: 'latest',
26 silly mapToRegistry   type: 'tag' }
27 silly mapToRegistry uri https://registry.npmjs.org/thrift-mocker
28 verbose publish registryBase https://registry.npmjs.org/
29 silly publish uploading /Users/zangzhan/.npm/thrift-mocker/1.0.0/package.tgz
30 verbose request uri https://registry.npmjs.org/thrift-mocker
31 verbose request sending authorization for write operation
32 info attempt registry request try #1 at 12:16:43
33 verbose request using bearer token for auth
34 verbose request id 70ccf583589a37d4
35 http request PUT https://registry.npmjs.org/thrift-mocker
36 http 403 https://registry.npmjs.org/thrift-mocker
37 verbose headers { 'content-type': 'application/json',
37 verbose headers   'cache-control': 'max-age=300',
37 verbose headers   'content-length': '95',
37 verbose headers   'accept-ranges': 'bytes',
37 verbose headers   date: 'Thu, 06 Apr 2017 04:16:42 GMT',
37 verbose headers   via: '1.1 varnish',
37 verbose headers   connection: 'keep-alive',
37 verbose headers   'x-served-by': 'cache-itm7424-ITM',
37 verbose headers   'x-cache': 'MISS',
37 verbose headers   'x-cache-hits': '0',
37 verbose headers   'x-timer': 'S1491452202.704594,VS0,VE166',
37 verbose headers   vary: 'Accept-Encoding' }
38 verbose request invalidating /Users/zangzhan/.npm/registry.npmjs.org/thrift-mocker on PUT
39 error publish Failed PUT 403
40 verbose stack Error: "You cannot publish over the previously published version 1.0.0." : thrift-mocker
40 verbose stack     at makeError (/Users/zangzhan/.nvm/versions/node/v5.5.0/lib/node_modules/npm/node_modules/npm-registry-client/lib/request.js:264:12)
40 verbose stack     at CachingRegistryClient.<anonymous> (/Users/zangzhan/.nvm/versions/node/v5.5.0/lib/node_modules/npm/node_modules/npm-registry-client/lib/request.js:252:14)
40 verbose stack     at Request._callback (/Users/zangzhan/.nvm/versions/node/v5.5.0/lib/node_modules/npm/node_modules/npm-registry-client/lib/request.js:172:14)
40 verbose stack     at Request.self.callback (/Users/zangzhan/.nvm/versions/node/v5.5.0/lib/node_modules/npm/node_modules/request/request.js:200:22)
40 verbose stack     at emitTwo (events.js:100:13)
40 verbose stack     at Request.emit (events.js:185:7)
40 verbose stack     at Request.<anonymous> (/Users/zangzhan/.nvm/versions/node/v5.5.0/lib/node_modules/npm/node_modules/request/request.js:1067:10)
40 verbose stack     at emitOne (events.js:95:20)
40 verbose stack     at Request.emit (events.js:182:7)
40 verbose stack     at IncomingMessage.<anonymous> (/Users/zangzhan/.nvm/versions/node/v5.5.0/lib/node_modules/npm/node_modules/request/request.js:988:12)
41 verbose statusCode 403
42 verbose pkgid thrift-mocker
43 verbose cwd /Users/zangzhan/Documents/public/thrift-mocker
44 error Darwin 15.6.0
45 error argv "/Users/zangzhan/.nvm/versions/node/v5.5.0/bin/node" "/Users/zangzhan/.nvm/versions/node/v5.5.0/bin/npm" "publish"
46 error node v5.5.0
47 error npm  v3.9.5
48 error code E403
49 error "You cannot publish over the previously published version 1.0.0." : thrift-mocker
50 error If you need help, you may report this error at:
50 error     <https://github.com/npm/npm/issues>
51 verbose exit [ 1, true ]
